<?xml version="1.0" encoding="UTF-8"?>
<robot generator="Robot 6.1.1 (Python 3.10.7 on darwin)" generated="20231217 21:51:24.765" rpa="false" schemaversion="4">
<suite id="s1" name="AutomatisationTest SauceDemo" source="/Users/root1/Documents/Test/AutomatisationTest_SauceDemo">
<suite id="s1-s1" name="Test" source="/Users/root1/Documents/Test/AutomatisationTest_SauceDemo/test">
<suite id="s1-s1-s1" name="Script" source="/Users/root1/Documents/Test/AutomatisationTest_SauceDemo/test/script.robot">
<test id="s1-s1-s1-t1" name="Scenario d'authentification d'un user qui a un compte véroullé" line="23">
<kw name="Ouvrir le navigateur" library="selenium_utils" type="SETUP">
<kw name="Open Browser" library="SeleniumLibrary">
<arg>${url}</arg>
<arg>${browser}</arg>
<doc>Opens a new browser instance to the optional ``url``.</doc>
<msg timestamp="20231217 21:51:25.874" level="INFO">Opening browser 'Edge' to base url 'https://www.saucedemo.com/'.</msg>
<status status="PASS" starttime="20231217 21:51:25.873" endtime="20231217 21:51:30.457"/>
</kw>
<kw name="Maximize Browser Window" library="SeleniumLibrary">
<doc>Maximizes current browser window.</doc>
<status status="PASS" starttime="20231217 21:51:30.459" endtime="20231217 21:51:30.909"/>
</kw>
<kw name="Log To Console" library="BuiltIn">
<arg>Navigateur ouvert</arg>
<arg>${browser}</arg>
<doc>Logs the given message to the console.</doc>
<status status="PASS" starttime="20231217 21:51:30.909" endtime="20231217 21:51:30.910"/>
</kw>
<status status="PASS" starttime="20231217 21:51:25.871" endtime="20231217 21:51:30.911"/>
</kw>
<kw name="Authentification d'un utilisateur verouillé" library="scenario_creation_de_commande">
<kw name="Connexion d'un utilisateur avec un username verouiller out" library="authentication_page">
<kw name="Input Text" library="SeleniumLibrary">
<arg>${champIdUsername}</arg>
<arg>${usernameVerouillerOut}</arg>
<doc>Types the given ``text`` into the text field identified by ``locator``.</doc>
<msg timestamp="20231217 21:51:30.918" level="INFO">Typing text 'locked_out_user' into text field 'id:user-name'.</msg>
<status status="PASS" starttime="20231217 21:51:30.915" endtime="20231217 21:51:31.404"/>
</kw>
<kw name="Input Text" library="SeleniumLibrary">
<arg>${champIdPassword}</arg>
<arg>${password}</arg>
<doc>Types the given ``text`` into the text field identified by ``locator``.</doc>
<msg timestamp="20231217 21:51:31.407" level="INFO">Typing text 'secret_sauce' into text field 'id:password'.</msg>
<status status="PASS" starttime="20231217 21:51:31.404" endtime="20231217 21:51:31.629"/>
</kw>
<kw name="Click Button" library="SeleniumLibrary">
<arg>${boutonLogin}</arg>
<doc>Clicks the button identified by ``locator``.</doc>
<msg timestamp="20231217 21:51:31.632" level="INFO">Clicking button 'id:login-button'.</msg>
<status status="PASS" starttime="20231217 21:51:31.630" endtime="20231217 21:51:31.752"/>
</kw>
<kw name="Wait Until Element Is Visible" library="SeleniumLibrary">
<arg>${xpathMsgErrorLockedOut}</arg>
<doc>Waits until the element ``locator`` is visible.</doc>
<status status="PASS" starttime="20231217 21:51:31.753" endtime="20231217 21:51:31.828"/>
</kw>
<status status="PASS" starttime="20231217 21:51:30.914" endtime="20231217 21:51:31.829"/>
</kw>
<status status="PASS" starttime="20231217 21:51:30.913" endtime="20231217 21:51:31.829"/>
</kw>
<kw name="Fermer le navigateur" library="selenium_utils" type="TEARDOWN">
<kw name="Close Browser" library="SeleniumLibrary">
<doc>Closes the current browser.</doc>
<status status="PASS" starttime="20231217 21:51:31.832" endtime="20231217 21:51:32.086"/>
</kw>
<kw name="Log To Console" library="BuiltIn">
<arg>Navigateur fermé</arg>
<arg>${browser}</arg>
<doc>Logs the given message to the console.</doc>
<status status="PASS" starttime="20231217 21:51:32.086" endtime="20231217 21:51:32.087"/>
</kw>
<status status="PASS" starttime="20231217 21:51:31.831" endtime="20231217 21:51:32.088"/>
</kw>
<status status="PASS" starttime="20231217 21:51:25.867" endtime="20231217 21:51:32.089"/>
</test>
<status status="PASS" starttime="20231217 21:51:25.003" endtime="20231217 21:51:32.091"/>
</suite>
<status status="PASS" starttime="20231217 21:51:24.994" endtime="20231217 21:51:32.094"/>
</suite>
<status status="PASS" starttime="20231217 21:51:24.806" endtime="20231217 21:51:32.097"/>
</suite>
<statistics>
<total>
<stat pass="1" fail="0" skip="0">All Tests</stat>
</total>
<tag>
</tag>
<suite>
<stat pass="1" fail="0" skip="0" id="s1" name="AutomatisationTest SauceDemo">AutomatisationTest SauceDemo</stat>
<stat pass="1" fail="0" skip="0" id="s1-s1" name="Test">AutomatisationTest SauceDemo.Test</stat>
<stat pass="1" fail="0" skip="0" id="s1-s1-s1" name="Script">AutomatisationTest SauceDemo.Test.Script</stat>
</suite>
</statistics>
<errors>
</errors>
</robot>
