<?xml version="1.0" encoding="UTF-8"?>
<robot generator="Robot 6.1.1 (Python 3.10.7 on darwin)" generated="20240103 12:06:22.890" rpa="false" schemaversion="4">
<suite id="s1" name="AutomatisationTest Credit-Auto" source="/Users/root1/Documents/Test/AutomatisationTest_Credit-Auto">
<suite id="s1-s1" name="Test" source="/Users/root1/Documents/Test/AutomatisationTest_Credit-Auto/test">
<suite id="s1-s1-s1" name="Script" source="/Users/root1/Documents/Test/AutomatisationTest_Credit-Auto/test/script.robot">
<test id="s1-s1-s1-t1" name="Scenario simulation credit-auto" line="11">
<kw name="Ouvrir le navigateur" library="selenium_utils" type="SETUP">
<kw name="Open Browser" library="SeleniumLibrary">
<arg>${url}</arg>
<arg>${browser}</arg>
<doc>Opens a new browser instance to the optional ``url``.</doc>
<msg timestamp="20240103 12:06:23.507" level="INFO">Opening browser 'Edge' to base url 'http://credit-auto.qsiconseil.ma/'.</msg>
<status status="PASS" starttime="20240103 12:06:23.506" endtime="20240103 12:06:37.972"/>
</kw>
<kw name="Maximize Browser Window" library="SeleniumLibrary">
<doc>Maximizes current browser window.</doc>
<status status="PASS" starttime="20240103 12:06:37.976" endtime="20240103 12:06:38.437"/>
</kw>
<kw name="Sleep" library="BuiltIn">
<arg>10s</arg>
<doc>Pauses the test executed for the given time.</doc>
<msg timestamp="20240103 12:06:48.440" level="INFO">Slept 10 seconds</msg>
<status status="PASS" starttime="20240103 12:06:38.437" endtime="20240103 12:06:48.440"/>
</kw>
<status status="PASS" starttime="20240103 12:06:23.505" endtime="20240103 12:06:48.441"/>
</kw>
<kw name="Accéder à la page d'accueil" library="simulation_credit-auto">
<kw name="Cliquer sur le boutton &quot;Acces Credit Auto&quot;" library="accueil">
<kw name="Click Link" library="SeleniumLibrary">
<arg>${idBtnAccesCreditAuto}</arg>
<doc>Clicks a link identified by ``locator``.</doc>
<msg timestamp="20240103 12:06:48.446" level="INFO">Clicking link 'id:lnkAccesCreditAuto'.</msg>
<status status="PASS" starttime="20240103 12:06:48.444" endtime="20240103 12:06:49.262"/>
</kw>
<status status="PASS" starttime="20240103 12:06:48.443" endtime="20240103 12:06:49.262"/>
</kw>
<status status="PASS" starttime="20240103 12:06:48.442" endtime="20240103 12:06:49.262"/>
</kw>
<kw name="Fermer le navigateur" library="selenium_utils" type="TEARDOWN">
<kw name="Close Browser" library="SeleniumLibrary">
<doc>Closes the current browser.</doc>
<status status="PASS" starttime="20240103 12:06:49.263" endtime="20240103 12:06:49.529"/>
</kw>
<status status="PASS" starttime="20240103 12:06:49.263" endtime="20240103 12:06:49.530"/>
</kw>
<status status="PASS" starttime="20240103 12:06:23.504" endtime="20240103 12:06:49.530"/>
</test>
<status status="PASS" starttime="20240103 12:06:22.968" endtime="20240103 12:06:49.533"/>
</suite>
<status status="PASS" starttime="20240103 12:06:22.964" endtime="20240103 12:06:49.538"/>
</suite>
<status status="PASS" starttime="20240103 12:06:22.897" endtime="20240103 12:06:49.541"/>
</suite>
<statistics>
<total>
<stat pass="1" fail="0" skip="0">All Tests</stat>
</total>
<tag>
</tag>
<suite>
<stat pass="1" fail="0" skip="0" id="s1" name="AutomatisationTest Credit-Auto">AutomatisationTest Credit-Auto</stat>
<stat pass="1" fail="0" skip="0" id="s1-s1" name="Test">AutomatisationTest Credit-Auto.Test</stat>
<stat pass="1" fail="0" skip="0" id="s1-s1-s1" name="Script">AutomatisationTest Credit-Auto.Test.Script</stat>
</suite>
</statistics>
<errors>
</errors>
</robot>
